<?xml version="1.0" encoding="UTF-8"?>
<!-- Generated by org.testng.reporters.JUnitXMLReporter -->
<testsuite hostname="MSI" failures="0" tests="5" name="Test" time="90.114" errors="0" timestamp="6 Jul 2022 16:41:58 GMT">
  <testcase classname="nftTicketing.LoginIncorrectData" name="LoginInvalidData" time="6.216"/>
  <testcase classname="nftTicketing.LoginIncorrectCredentials" name="LoginInvalidCredential" time="9.215"/>
  <testcase classname="nftTicketing.Signin" name="SiginPage" time="27.271"/>
  <testcase classname="nftTicketing.LoginTextVerification" name="LoginLabels" time="0.119"/>
  <testcase classname="nftTicketing.LoginValidCredentials" name="LoginValidCredential" time="13.189"/>
</testsuite> <!-- Test -->
